11:34PM INF [1;34mLOG:[0m "MIRROR:cum_swap=20000.00000000"
11:34PM INF [1;34mLOG:[0m "MIRROR:successful_swaps=1"
11:34PM INF [1;34mLOG:[0m "MIRROR:cum_swap=40000.00000000"
11:34PM INF [1;34mLOG:[0m "MIRROR:successful_swaps=2"
11:34PM INF [1;34mLOG:[0m "MIRROR:cum_swap=60000.00000000"
11:34PM INF [1;34mLOG:[0m "MIRROR:successful_swaps=3"
11:34PM INF [1;34mLOG:[0m "MIRROR:cum_swap=80000.00000000"
11:34PM INF [1;34mLOG:[0m "MIRROR:successful_swaps=4"
11:34PM INF [1;34mLOG:[0m "MIRROR:cum_swap=100000.00000000"
11:34PM INF [1;34mLOG:[0m "MIRROR:successful_swaps=5"
11:34PM INF [1;34mLOG:[0m "MIRROR:cum_swap=120000.00000000"
11:34PM INF [1;34mLOG:[0m "MIRROR:successful_swaps=6"
11:34PM INF [1;34mLOG:[0m "MIRROR:cum_swap=140000.00000000"
11:34PM INF [1;34mLOG:[0m "MIRROR:successful_swaps=7"
11:34PM INF [1;34mLOG:[0m "MIRROR:cum_swap=160000.00000000"
11:34PM INF [1;34mLOG:[0m "MIRROR:successful_swaps=8"
11:34PM INF [1;34mLOG:[0m "MIRROR:cum_swap=180000.00000000"
11:34PM INF [1;34mLOG:[0m "MIRROR:successful_swaps=9"
11:34PM INF [1;34mLOG:[0m "MIRROR:cum_swap=200000.00000000"
11:34PM INF [1;34mLOG:[0m "MIRROR:successful_swaps=10"
11:34PM INF [1;34mLOG:[0m "MIRROR:cum_swap=220000.00000000"
11:34PM INF [1;34mLOG:[0m "MIRROR:successful_swaps=11"
11:34PM INF [1;34mLOG:[0m "MIRROR:cum_swap=240000.00000000"
11:34PM INF [1;34mLOG:[0m "MIRROR:successful_swaps=12"
11:34PM INF [1;34mLOG:[0m "MIRROR:cum_swap=260000.00000000"
11:34PM INF [1;34mLOG:[0m "MIRROR:successful_swaps=13"
11:34PM INF [1;34mLOG:[0m "MIRROR:cum_swap=280000.00000000"
11:34PM INF [1;34mLOG:[0m "MIRROR:successful_swaps=14"
11:34PM INF [1;34mLOG:[0m "MIRROR:cum_swap=300000.00000000"
11:34PM INF [1;34mLOG:[0m "MIRROR:successful_swaps=15"
11:34PM INF [1;34mLOG:[0m "MIRROR:cum_swap=320000.00000000"
11:34PM INF [1;34mLOG:[0m "MIRROR:successful_swaps=16"
11:34PM INF [1;34mLOG:[0m "MIRROR:cum_swap=340000.00000000"
11:34PM INF [1;34mLOG:[0m "MIRROR:successful_swaps=17"
11:34PM INF [1;34mLOG:[0m "MIRROR:cum_swap=358000.00000000"
11:34PM INF [1;34mLOG:[0m "MIRROR:successful_swaps=18"
11:34PM INF [1;34mLOG:[0m "MIRROR:cum_swap=358000.00000000"
11:34PM INF [1;34mLOG:[0m "MIRROR:successful_swaps=18"
11:34PM INF [1;34mLOG:[0m "MIRROR:stop_condition=capacity_reached"

Test results: "/Users/keshavgupta/tidal-sc/cadence/tests/rebalance_liquidity_mirror_test.cdc"
- PASS: test_rebalance_capacity_thresholds


